Using pre-set license
Built from '2020.3/staging' branch; Version is '2020.3.8f1 (507919d4fff5) revision 5273881'; Using compiler version '192528614'; Build Type 'Release'
OS: 'Windows 10 Education; OS build 19044.1706; Version 2009; 64bit' Language: 'en' Physical Memory: 32693 MB
BatchMode: 1, IsHumanControllingUs: 0, StartBugReporterOnCrash: 0, Is64bit: 1, IsPro: 0

 COMMAND LINE ARGUMENTS:
C:\Program Files\Unity\2020.3.8f1\Editor\Unity.exe
-adb2
-batchMode
-noUpm
-name
AssetImportWorker0
-projectPath
C:/Users/Jacque Keener PC2/Documents/GitHub/CapstoneProject/CapstoneProject/CapstoneProject
-logFile
Logs/AssetImportWorker0.log
-srvPort
54628
Successfully changed project path to: C:/Users/Jacque Keener PC2/Documents/GitHub/CapstoneProject/CapstoneProject/CapstoneProject
C:/Users/Jacque Keener PC2/Documents/GitHub/CapstoneProject/CapstoneProject/CapstoneProject
Using Asset Import Pipeline V2.
Refreshing native plugins compatible for Editor in 24.29 ms, found 0 plugins.
Preloading 0 native plugins for Editor in 0.00 ms.
Initialize engine version: 2020.3.8f1 (507919d4fff5)
[Subsystems] Discovering subsystems at path C:/Program Files/Unity/2020.3.8f1/Editor/Data/Resources/UnitySubsystems
[Subsystems] Discovering subsystems at path C:/Users/Jacque Keener PC2/Documents/GitHub/CapstoneProject/CapstoneProject/CapstoneProject/Assets
GfxDevice: creating device client; threaded=0
Direct3D:
    Version:  Direct3D 11.0 [level 11.1]
    Renderer: NVIDIA GeForce RTX 2080 Ti (ID=0x1e07)
    Vendor:   
    VRAM:     11049 MB
    Driver:   30.0.15.1179
Initialize mono
Mono path[0] = 'C:/Program Files/Unity/2020.3.8f1/Editor/Data/Managed'
Mono path[1] = 'C:/Program Files/Unity/2020.3.8f1/Editor/Data/MonoBleedingEdge/lib/mono/unityjit'
Mono config path = 'C:/Program Files/Unity/2020.3.8f1/Editor/Data/MonoBleedingEdge/etc'
Using monoOptions --debugger-agent=transport=dt_socket,embedding=1,server=y,suspend=n,address=127.0.0.1:56704
Begin MonoManager ReloadAssembly
Registering precompiled unity dll's ...
Register platform support module: C:/Program Files/Unity/2020.3.8f1/Editor/Data/PlaybackEngines/WindowsStandaloneSupport/UnityEditor.WindowsStandalone.Extensions.dll
Registered in 0.001906 seconds.
Native extension for WindowsStandalone target not found
Refreshing native plugins compatible for Editor in 29.84 ms, found 0 plugins.
Preloading 0 native plugins for Editor in 0.00 ms.
Mono: successfully reloaded assembly
- Completed reload, in  1.098 seconds
Platform modules already initialized, skipping
Registering precompiled user dll's ...
Registered in 0.000678 seconds.
Begin MonoManager ReloadAssembly
Native extension for WindowsStandalone target not found
Refreshing native plugins compatible for Editor in 0.26 ms, found 0 plugins.
Preloading 0 native plugins for Editor in 0.00 ms.
Mono: successfully reloaded assembly
- Completed reload, in  0.755 seconds
Platform modules already initialized, skipping
========================================================================
Worker process is ready to serve import requests
Launched and connected shader compiler UnityShaderCompiler.exe after 0.04 seconds
Refreshing native plugins compatible for Editor in 0.24 ms, found 0 plugins.
Preloading 0 native plugins for Editor in 0.00 ms.
Unloading 1321 Unused Serialized files (Serialized files now loaded: 0)
System memory in use before: 86.9 MB.
System memory in use after: 86.9 MB.

Unloading 10 unused Assets to reduce memory usage. Loaded Objects now: 1789.
Total: 1.484700 ms (FindLiveObjects: 0.131800 ms CreateObjectMapping: 0.028700 ms MarkObjects: 1.231700 ms  DeleteObjects: 0.091900 ms)

========================================================================
Received Import Request.
  path: Assets/Scripts/ThirdPersonMovement.cs
  artifactKey: Guid(ca17d1c096c13d045b0bd1e280355530) Importer(815301076,1909f56bfc062723c751e8b465ee728b)
Start importing Assets/Scripts/ThirdPersonMovement.cs using Guid(ca17d1c096c13d045b0bd1e280355530) Importer(815301076,1909f56bfc062723c751e8b465ee728b)  -> (artifact id: '8c697c27624d3acafade3e6427bb2342') in 0.025552 seconds
  Import took 0.027562 seconds .

========================================================================
Received Import Request.
  Time since last request: 125.023514 seconds.
  path: Assets/Scripts/ThirdPersonMovement.cs
  artifactKey: Guid(ca17d1c096c13d045b0bd1e280355530) Importer(815301076,1909f56bfc062723c751e8b465ee728b)
Start importing Assets/Scripts/ThirdPersonMovement.cs using Guid(ca17d1c096c13d045b0bd1e280355530) Importer(815301076,1909f56bfc062723c751e8b465ee728b)  -> (artifact id: '2c64bdfe76dc8c4d0233d18afe176dc6') in 0.001966 seconds
  Import took 0.003836 seconds .

========================================================================
Received Prepare
Registering precompiled user dll's ...
Registered in 0.000468 seconds.
Begin MonoManager ReloadAssembly
Native extension for WindowsStandalone target not found
Refreshing native plugins compatible for Editor in 0.24 ms, found 0 plugins.
Preloading 0 native plugins for Editor in 0.00 ms.
Mono: successfully reloaded assembly
- Completed reload, in  0.685 seconds
Platform modules already initialized, skipping
Refreshing native plugins compatible for Editor in 0.24 ms, found 0 plugins.
Preloading 0 native plugins for Editor in 0.00 ms.
Unloading 1301 Unused Serialized files (Serialized files now loaded: 0)
System memory in use before: 85.4 MB.
System memory in use after: 85.5 MB.

Unloading 6 unused Assets to reduce memory usage. Loaded Objects now: 1792.
Total: 1.433900 ms (FindLiveObjects: 0.141700 ms CreateObjectMapping: 0.029400 ms MarkObjects: 1.192600 ms  DeleteObjects: 0.069500 ms)

========================================================================
Received Prepare
Registering precompiled user dll's ...
Registered in 0.000559 seconds.
Begin MonoManager ReloadAssembly
Native extension for WindowsStandalone target not found
Refreshing native plugins compatible for Editor in 0.24 ms, found 0 plugins.
Preloading 0 native plugins for Editor in 0.00 ms.
Mono: successfully reloaded assembly
- Completed reload, in  0.656 seconds
Platform modules already initialized, skipping
Refreshing native plugins compatible for Editor in 0.25 ms, found 0 plugins.
Preloading 0 native plugins for Editor in 0.00 ms.
Unloading 1301 Unused Serialized files (Serialized files now loaded: 0)
System memory in use before: 85.5 MB.
System memory in use after: 85.5 MB.

Unloading 6 unused Assets to reduce memory usage. Loaded Objects now: 1795.
Total: 1.776000 ms (FindLiveObjects: 0.163500 ms CreateObjectMapping: 0.028900 ms MarkObjects: 1.494700 ms  DeleteObjects: 0.087500 ms)

========================================================================
Received Import Request.
  Time since last request: 14.251750 seconds.
  path: Assets/Scripts/ThirdPersonMovement.cs
  artifactKey: Guid(ca17d1c096c13d045b0bd1e280355530) Importer(815301076,1909f56bfc062723c751e8b465ee728b)
Start importing Assets/Scripts/ThirdPersonMovement.cs using Guid(ca17d1c096c13d045b0bd1e280355530) Importer(815301076,1909f56bfc062723c751e8b465ee728b)  -> (artifact id: '4fb3252857151f58689fbf70019255c3') in 0.004463 seconds
  Import took 0.006278 seconds .

========================================================================
Received Import Request.
  Time since last request: 1.253674 seconds.
  path: Assets/Scripts/ThirdPersonMovement.cs
  artifactKey: Guid(ca17d1c096c13d045b0bd1e280355530) Importer(815301076,1909f56bfc062723c751e8b465ee728b)
Start importing Assets/Scripts/ThirdPersonMovement.cs using Guid(ca17d1c096c13d045b0bd1e280355530) Importer(815301076,1909f56bfc062723c751e8b465ee728b)  -> (artifact id: '4fb3252857151f58689fbf70019255c3') in 0.001839 seconds
  Import took 0.003716 seconds .

========================================================================
Received Prepare
Registering precompiled user dll's ...
Registered in 0.000571 seconds.
Begin MonoManager ReloadAssembly
Native extension for WindowsStandalone target not found
Refreshing native plugins compatible for Editor in 0.25 ms, found 0 plugins.
Preloading 0 native plugins for Editor in 0.00 ms.
Mono: successfully reloaded assembly
- Completed reload, in  0.670 seconds
Platform modules already initialized, skipping
Refreshing native plugins compatible for Editor in 0.25 ms, found 0 plugins.
Preloading 0 native plugins for Editor in 0.00 ms.
Unloading 1301 Unused Serialized files (Serialized files now loaded: 0)
System memory in use before: 85.5 MB.
System memory in use after: 85.5 MB.

Unloading 6 unused Assets to reduce memory usage. Loaded Objects now: 1798.
Total: 1.449900 ms (FindLiveObjects: 0.168400 ms CreateObjectMapping: 0.027800 ms MarkObjects: 1.182100 ms  DeleteObjects: 0.071000 ms)

========================================================================
Received Import Request.
  Time since last request: 32.154265 seconds.
  path: Assets/Scripts/ThirdPersonMovement.cs
  artifactKey: Guid(ca17d1c096c13d045b0bd1e280355530) Importer(815301076,1909f56bfc062723c751e8b465ee728b)
Start importing Assets/Scripts/ThirdPersonMovement.cs using Guid(ca17d1c096c13d045b0bd1e280355530) Importer(815301076,1909f56bfc062723c751e8b465ee728b)  -> (artifact id: 'd221c2fe6e951787289f174c5f37f794') in 0.004173 seconds
  Import took 0.005833 seconds .

========================================================================
Received Import Request.
  Time since last request: 1.230511 seconds.
  path: Assets/Scripts/ThirdPersonMovement.cs
  artifactKey: Guid(ca17d1c096c13d045b0bd1e280355530) Importer(815301076,1909f56bfc062723c751e8b465ee728b)
Start importing Assets/Scripts/ThirdPersonMovement.cs using Guid(ca17d1c096c13d045b0bd1e280355530) Importer(815301076,1909f56bfc062723c751e8b465ee728b)  -> (artifact id: 'd221c2fe6e951787289f174c5f37f794') in 0.002397 seconds
  Import took 0.004291 seconds .

========================================================================
Received Prepare
Registering precompiled user dll's ...
Registered in 0.000817 seconds.
Begin MonoManager ReloadAssembly
Native extension for WindowsStandalone target not found
Refreshing native plugins compatible for Editor in 0.25 ms, found 0 plugins.
Preloading 0 native plugins for Editor in 0.00 ms.
Mono: successfully reloaded assembly
- Completed reload, in  0.659 seconds
Platform modules already initialized, skipping
Refreshing native plugins compatible for Editor in 0.27 ms, found 0 plugins.
Preloading 0 native plugins for Editor in 0.00 ms.
Unloading 1301 Unused Serialized files (Serialized files now loaded: 0)
System memory in use before: 85.5 MB.
System memory in use after: 85.6 MB.

Unloading 6 unused Assets to reduce memory usage. Loaded Objects now: 1801.
Total: 1.444000 ms (FindLiveObjects: 0.135800 ms CreateObjectMapping: 0.031500 ms MarkObjects: 1.200400 ms  DeleteObjects: 0.075600 ms)

========================================================================
Received Import Request.
  Time since last request: 89.470959 seconds.
  path: Assets/Scripts/ThirdPersonMovement.cs
  artifactKey: Guid(ca17d1c096c13d045b0bd1e280355530) Importer(815301076,1909f56bfc062723c751e8b465ee728b)
Start importing Assets/Scripts/ThirdPersonMovement.cs using Guid(ca17d1c096c13d045b0bd1e280355530) Importer(815301076,1909f56bfc062723c751e8b465ee728b)  -> (artifact id: '5f1c4a4c33c40bcc45c169ebf04d57a2') in 0.004332 seconds
  Import took 0.006015 seconds .

========================================================================
Received Import Request.
  Time since last request: 1.242472 seconds.
  path: Assets/Scripts/ThirdPersonMovement.cs
  artifactKey: Guid(ca17d1c096c13d045b0bd1e280355530) Importer(815301076,1909f56bfc062723c751e8b465ee728b)
Start importing Assets/Scripts/ThirdPersonMovement.cs using Guid(ca17d1c096c13d045b0bd1e280355530) Importer(815301076,1909f56bfc062723c751e8b465ee728b)  -> (artifact id: '5f1c4a4c33c40bcc45c169ebf04d57a2') in 0.001981 seconds
  Import took 0.004049 seconds .

========================================================================
Received Prepare
Registering precompiled user dll's ...
Registered in 0.000620 seconds.
Begin MonoManager ReloadAssembly
Native extension for WindowsStandalone target not found
Refreshing native plugins compatible for Editor in 0.27 ms, found 0 plugins.
Preloading 0 native plugins for Editor in 0.00 ms.
Mono: successfully reloaded assembly
- Completed reload, in  0.665 seconds
Platform modules already initialized, skipping
Refreshing native plugins compatible for Editor in 0.25 ms, found 0 plugins.
Preloading 0 native plugins for Editor in 0.00 ms.
Unloading 1301 Unused Serialized files (Serialized files now loaded: 0)
System memory in use before: 85.5 MB.
System memory in use after: 85.6 MB.

Unloading 6 unused Assets to reduce memory usage. Loaded Objects now: 1804.
Total: 1.456300 ms (FindLiveObjects: 0.151000 ms CreateObjectMapping: 0.028900 ms MarkObjects: 1.193300 ms  DeleteObjects: 0.082400 ms)

========================================================================
Received Import Request.
  Time since last request: 27.346606 seconds.
  path: Assets/Scripts/ThirdPersonMovement.cs
  artifactKey: Guid(ca17d1c096c13d045b0bd1e280355530) Importer(815301076,1909f56bfc062723c751e8b465ee728b)
Start importing Assets/Scripts/ThirdPersonMovement.cs using Guid(ca17d1c096c13d045b0bd1e280355530) Importer(815301076,1909f56bfc062723c751e8b465ee728b)  -> (artifact id: '046b801277268c86c88ac81535ac8697') in 0.004057 seconds
  Import took 0.005801 seconds .

========================================================================
Received Import Request.
  Time since last request: 1.263463 seconds.
  path: Assets/Scripts/ThirdPersonMovement.cs
  artifactKey: Guid(ca17d1c096c13d045b0bd1e280355530) Importer(815301076,1909f56bfc062723c751e8b465ee728b)
Start importing Assets/Scripts/ThirdPersonMovement.cs using Guid(ca17d1c096c13d045b0bd1e280355530) Importer(815301076,1909f56bfc062723c751e8b465ee728b)  -> (artifact id: '046b801277268c86c88ac81535ac8697') in 0.002138 seconds
  Import took 0.003970 seconds .

========================================================================
Received Prepare
Registering precompiled user dll's ...
Registered in 0.000587 seconds.
Begin MonoManager ReloadAssembly
Native extension for WindowsStandalone target not found
Refreshing native plugins compatible for Editor in 0.24 ms, found 0 plugins.
Preloading 0 native plugins for Editor in 0.00 ms.
Mono: successfully reloaded assembly
- Completed reload, in  0.677 seconds
Platform modules already initialized, skipping
Refreshing native plugins compatible for Editor in 0.25 ms, found 0 plugins.
Preloading 0 native plugins for Editor in 0.00 ms.
Unloading 1301 Unused Serialized files (Serialized files now loaded: 0)
System memory in use before: 85.5 MB.
System memory in use after: 85.6 MB.

Unloading 6 unused Assets to reduce memory usage. Loaded Objects now: 1807.
Total: 1.454800 ms (FindLiveObjects: 0.146500 ms CreateObjectMapping: 0.027000 ms MarkObjects: 1.207900 ms  DeleteObjects: 0.072700 ms)

========================================================================
Received Import Request.
  Time since last request: 20.550913 seconds.
  path: Assets/Scripts/ThirdPersonMovement.cs
  artifactKey: Guid(ca17d1c096c13d045b0bd1e280355530) Importer(815301076,1909f56bfc062723c751e8b465ee728b)
Start importing Assets/Scripts/ThirdPersonMovement.cs using Guid(ca17d1c096c13d045b0bd1e280355530) Importer(815301076,1909f56bfc062723c751e8b465ee728b)  -> (artifact id: '7c3a782e429534b9f8849e93e07f31ca') in 0.004649 seconds
  Import took 0.006305 seconds .

========================================================================
Received Import Request.
  Time since last request: 1.241820 seconds.
  path: Assets/Scripts/ThirdPersonMovement.cs
  artifactKey: Guid(ca17d1c096c13d045b0bd1e280355530) Importer(815301076,1909f56bfc062723c751e8b465ee728b)
Start importing Assets/Scripts/ThirdPersonMovement.cs using Guid(ca17d1c096c13d045b0bd1e280355530) Importer(815301076,1909f56bfc062723c751e8b465ee728b)  -> (artifact id: '7c3a782e429534b9f8849e93e07f31ca') in 0.001973 seconds
  Import took 0.003831 seconds .

========================================================================
Received Prepare
Registering precompiled user dll's ...
Registered in 0.000656 seconds.
Begin MonoManager ReloadAssembly
Native extension for WindowsStandalone target not found
Refreshing native plugins compatible for Editor in 0.24 ms, found 0 plugins.
Preloading 0 native plugins for Editor in 0.00 ms.
Mono: successfully reloaded assembly
- Completed reload, in  0.665 seconds
Platform modules already initialized, skipping
Refreshing native plugins compatible for Editor in 0.25 ms, found 0 plugins.
Preloading 0 native plugins for Editor in 0.00 ms.
Unloading 1301 Unused Serialized files (Serialized files now loaded: 0)
System memory in use before: 85.5 MB.
System memory in use after: 85.6 MB.

Unloading 6 unused Assets to reduce memory usage. Loaded Objects now: 1810.
Total: 1.515300 ms (FindLiveObjects: 0.168600 ms CreateObjectMapping: 0.029400 ms MarkObjects: 1.233500 ms  DeleteObjects: 0.082500 ms)

========================================================================
Received Prepare
Registering precompiled user dll's ...
Registered in 0.000569 seconds.
Begin MonoManager ReloadAssembly
Native extension for WindowsStandalone target not found
Refreshing native plugins compatible for Editor in 0.24 ms, found 0 plugins.
Preloading 0 native plugins for Editor in 0.00 ms.
Mono: successfully reloaded assembly
- Completed reload, in  0.667 seconds
Platform modules already initialized, skipping
Refreshing native plugins compatible for Editor in 0.25 ms, found 0 plugins.
Preloading 0 native plugins for Editor in 0.00 ms.
Unloading 1301 Unused Serialized files (Serialized files now loaded: 0)
System memory in use before: 85.5 MB.
System memory in use after: 85.6 MB.

Unloading 6 unused Assets to reduce memory usage. Loaded Objects now: 1813.
Total: 1.475800 ms (FindLiveObjects: 0.156000 ms CreateObjectMapping: 0.032200 ms MarkObjects: 1.198900 ms  DeleteObjects: 0.087800 ms)

========================================================================
Received Import Request.
  Time since last request: 57.883228 seconds.
  path: Assets/Scripts/ThirdPersonMovement.cs
  artifactKey: Guid(ca17d1c096c13d045b0bd1e280355530) Importer(815301076,1909f56bfc062723c751e8b465ee728b)
Start importing Assets/Scripts/ThirdPersonMovement.cs using Guid(ca17d1c096c13d045b0bd1e280355530) Importer(815301076,1909f56bfc062723c751e8b465ee728b)  -> (artifact id: '334ee95f3a67cf5e1ae2979d1169a6b9') in 0.004638 seconds
  Import took 0.006313 seconds .

========================================================================
Received Import Request.
  Time since last request: 1.227490 seconds.
  path: Assets/Scripts/ThirdPersonMovement.cs
  artifactKey: Guid(ca17d1c096c13d045b0bd1e280355530) Importer(815301076,1909f56bfc062723c751e8b465ee728b)
Start importing Assets/Scripts/ThirdPersonMovement.cs using Guid(ca17d1c096c13d045b0bd1e280355530) Importer(815301076,1909f56bfc062723c751e8b465ee728b)  -> (artifact id: '334ee95f3a67cf5e1ae2979d1169a6b9') in 0.001958 seconds
  Import took 0.003696 seconds .

========================================================================
Received Prepare
Registering precompiled user dll's ...
Registered in 0.000554 seconds.
Begin MonoManager ReloadAssembly
Native extension for WindowsStandalone target not found
Refreshing native plugins compatible for Editor in 0.25 ms, found 0 plugins.
Preloading 0 native plugins for Editor in 0.00 ms.
Mono: successfully reloaded assembly
- Completed reload, in  0.660 seconds
Platform modules already initialized, skipping
Refreshing native plugins compatible for Editor in 0.24 ms, found 0 plugins.
Preloading 0 native plugins for Editor in 0.00 ms.
Unloading 1301 Unused Serialized files (Serialized files now loaded: 0)
System memory in use before: 85.5 MB.
System memory in use after: 85.6 MB.

Unloading 6 unused Assets to reduce memory usage. Loaded Objects now: 1816.
Total: 1.832800 ms (FindLiveObjects: 0.185900 ms CreateObjectMapping: 0.033500 ms MarkObjects: 1.533400 ms  DeleteObjects: 0.078600 ms)

========================================================================
Received Import Request.
  Time since last request: 46.734888 seconds.
  path: Assets/Scripts/ThirdPersonMovement.cs
  artifactKey: Guid(ca17d1c096c13d045b0bd1e280355530) Importer(815301076,1909f56bfc062723c751e8b465ee728b)
Start importing Assets/Scripts/ThirdPersonMovement.cs using Guid(ca17d1c096c13d045b0bd1e280355530) Importer(815301076,1909f56bfc062723c751e8b465ee728b)  -> (artifact id: '96d66470fd9b7fb66d20377ec503cc51') in 0.004294 seconds
  Import took 0.006116 seconds .

========================================================================
Received Import Request.
  Time since last request: 1.260009 seconds.
  path: Assets/Scripts/ThirdPersonMovement.cs
  artifactKey: Guid(ca17d1c096c13d045b0bd1e280355530) Importer(815301076,1909f56bfc062723c751e8b465ee728b)
Start importing Assets/Scripts/ThirdPersonMovement.cs using Guid(ca17d1c096c13d045b0bd1e280355530) Importer(815301076,1909f56bfc062723c751e8b465ee728b)  -> (artifact id: '96d66470fd9b7fb66d20377ec503cc51') in 0.002138 seconds
  Import took 0.003816 seconds .

========================================================================
Received Prepare
Registering precompiled user dll's ...
Registered in 0.000559 seconds.
Begin MonoManager ReloadAssembly
Native extension for WindowsStandalone target not found
Refreshing native plugins compatible for Editor in 0.24 ms, found 0 plugins.
Preloading 0 native plugins for Editor in 0.00 ms.
Mono: successfully reloaded assembly
- Completed reload, in  0.659 seconds
Platform modules already initialized, skipping
Refreshing native plugins compatible for Editor in 0.26 ms, found 0 plugins.
Preloading 0 native plugins for Editor in 0.00 ms.
Unloading 1301 Unused Serialized files (Serialized files now loaded: 0)
System memory in use before: 85.5 MB.
System memory in use after: 85.6 MB.

Unloading 6 unused Assets to reduce memory usage. Loaded Objects now: 1819.
Total: 1.632100 ms (FindLiveObjects: 0.157500 ms CreateObjectMapping: 0.028900 ms MarkObjects: 1.365200 ms  DeleteObjects: 0.079600 ms)

========================================================================
Received Import Request.
  Time since last request: 63.269543 seconds.
  path: Assets/Scripts/FlyingAxe.cs
  artifactKey: Guid(ed16970f4793d3c49b4c0c3ffcd6861e) Importer(815301076,1909f56bfc062723c751e8b465ee728b)
Start importing Assets/Scripts/FlyingAxe.cs using Guid(ed16970f4793d3c49b4c0c3ffcd6861e) Importer(815301076,1909f56bfc062723c751e8b465ee728b)  -> (artifact id: '8a1162c9a4962d53b5ca0066b5df630f') in 0.007943 seconds
  Import took 0.009669 seconds .

========================================================================
Received Prepare
Registering precompiled user dll's ...
Registered in 0.000549 seconds.
Begin MonoManager ReloadAssembly
Native extension for WindowsStandalone target not found
Refreshing native plugins compatible for Editor in 0.26 ms, found 0 plugins.
Preloading 0 native plugins for Editor in 0.00 ms.
Mono: successfully reloaded assembly
- Completed reload, in  0.673 seconds
Platform modules already initialized, skipping
Refreshing native plugins compatible for Editor in 0.24 ms, found 0 plugins.
Preloading 0 native plugins for Editor in 0.00 ms.
Unloading 1301 Unused Serialized files (Serialized files now loaded: 0)
System memory in use before: 85.5 MB.
System memory in use after: 85.6 MB.

Unloading 6 unused Assets to reduce memory usage. Loaded Objects now: 1822.
Total: 1.478400 ms (FindLiveObjects: 0.148400 ms CreateObjectMapping: 0.027700 ms MarkObjects: 1.223500 ms  DeleteObjects: 0.077600 ms)

========================================================================
Received Prepare
Registering precompiled user dll's ...
Registered in 0.000495 seconds.
Begin MonoManager ReloadAssembly
Native extension for WindowsStandalone target not found
Refreshing native plugins compatible for Editor in 0.25 ms, found 0 plugins.
Preloading 0 native plugins for Editor in 0.00 ms.
Mono: successfully reloaded assembly
- Completed reload, in  0.668 seconds
Platform modules already initialized, skipping
Refreshing native plugins compatible for Editor in 0.25 ms, found 0 plugins.
Preloading 0 native plugins for Editor in 0.00 ms.
Unloading 1301 Unused Serialized files (Serialized files now loaded: 0)
System memory in use before: 85.5 MB.
System memory in use after: 85.6 MB.

Unloading 6 unused Assets to reduce memory usage. Loaded Objects now: 1825.
Total: 1.546700 ms (FindLiveObjects: 0.132600 ms CreateObjectMapping: 0.033100 ms MarkObjects: 1.304400 ms  DeleteObjects: 0.075800 ms)

========================================================================
Received Prepare
Registering precompiled user dll's ...
Registered in 0.000555 seconds.
Begin MonoManager ReloadAssembly
Native extension for WindowsStandalone target not found
Refreshing native plugins compatible for Editor in 0.24 ms, found 0 plugins.
Preloading 0 native plugins for Editor in 0.00 ms.
Mono: successfully reloaded assembly
- Completed reload, in  0.668 seconds
Platform modules already initialized, skipping
Refreshing native plugins compatible for Editor in 0.25 ms, found 0 plugins.
Preloading 0 native plugins for Editor in 0.00 ms.
Unloading 1301 Unused Serialized files (Serialized files now loaded: 0)
System memory in use before: 85.5 MB.
System memory in use after: 85.6 MB.

Unloading 6 unused Assets to reduce memory usage. Loaded Objects now: 1828.
Total: 1.477800 ms (FindLiveObjects: 0.169300 ms CreateObjectMapping: 0.033700 ms MarkObjects: 1.204500 ms  DeleteObjects: 0.069500 ms)

========================================================================
Received Import Request.
  Time since last request: 393.356447 seconds.
  path: Assets/Scripts/ThirdPersonMovement.cs
  artifactKey: Guid(ca17d1c096c13d045b0bd1e280355530) Importer(815301076,1909f56bfc062723c751e8b465ee728b)
Start importing Assets/Scripts/ThirdPersonMovement.cs using Guid(ca17d1c096c13d045b0bd1e280355530) Importer(815301076,1909f56bfc062723c751e8b465ee728b)  -> (artifact id: 'f721bf5af18ff790a913a6043acd037b') in 0.003904 seconds
  Import took 0.005844 seconds .

========================================================================
Received Import Request.
  Time since last request: 0.000225 seconds.
  path: Assets/Scripts/ThirdPersonMovement.cs
  artifactKey: Guid(ca17d1c096c13d045b0bd1e280355530) Importer(815301076,1909f56bfc062723c751e8b465ee728b)
Start importing Assets/Scripts/ThirdPersonMovement.cs using Guid(ca17d1c096c13d045b0bd1e280355530) Importer(815301076,1909f56bfc062723c751e8b465ee728b)  -> (artifact id: 'f721bf5af18ff790a913a6043acd037b') in 0.002115 seconds
  Import took 0.003604 seconds .

========================================================================
Received Prepare
Registering precompiled user dll's ...
Registered in 0.000556 seconds.
Begin MonoManager ReloadAssembly
Native extension for WindowsStandalone target not found
Refreshing native plugins compatible for Editor in 0.25 ms, found 0 plugins.
Preloading 0 native plugins for Editor in 0.00 ms.
Mono: successfully reloaded assembly
- Completed reload, in  0.660 seconds
Platform modules already initialized, skipping
Refreshing native plugins compatible for Editor in 0.26 ms, found 0 plugins.
Preloading 0 native plugins for Editor in 0.00 ms.
Unloading 1301 Unused Serialized files (Serialized files now loaded: 0)
System memory in use before: 85.5 MB.
System memory in use after: 85.6 MB.

Unloading 6 unused Assets to reduce memory usage. Loaded Objects now: 1831.
Total: 1.427100 ms (FindLiveObjects: 0.133400 ms CreateObjectMapping: 0.031100 ms MarkObjects: 1.183100 ms  DeleteObjects: 0.078700 ms)

========================================================================
Received Prepare
Registering precompiled user dll's ...
Registered in 0.000531 seconds.
Begin MonoManager ReloadAssembly
Native extension for WindowsStandalone target not found
Refreshing native plugins compatible for Editor in 0.25 ms, found 0 plugins.
Preloading 0 native plugins for Editor in 0.00 ms.
Mono: successfully reloaded assembly
- Completed reload, in  0.661 seconds
Platform modules already initialized, skipping
Refreshing native plugins compatible for Editor in 0.25 ms, found 0 plugins.
Preloading 0 native plugins for Editor in 0.00 ms.
Unloading 1301 Unused Serialized files (Serialized files now loaded: 0)
System memory in use before: 85.5 MB.
System memory in use after: 85.6 MB.

Unloading 6 unused Assets to reduce memory usage. Loaded Objects now: 1834.
Total: 1.501200 ms (FindLiveObjects: 0.136800 ms CreateObjectMapping: 0.029400 ms MarkObjects: 1.246800 ms  DeleteObjects: 0.087400 ms)

AssetImportWorkerClient::OnTransportError - code=2 error=End of file
